<?xml version="1.0" encoding="UTF-8"?>
<!-- Generated by org.testng.reporters.JUnitReportReporter -->
<testsuite hostname="LAPTOP-6DHJKUJ7" failures="0" tests="2" name="multibrowser.TestNg_MultiBrowserDemo" time="1.958" errors="0" timestamp="2022-07-05T15:51:37 EDT" skipped="0">
  <testcase classname="multibrowser.TestNg_MultiBrowserDemo" name="test1" time="1.059"/>
  <system-out/>
  <testcase classname="multibrowser.TestNg_MultiBrowserDemo" name="test1" time="0.899"/>
  <system-out/>
</testsuite> <!-- multibrowser.TestNg_MultiBrowserDemo -->
