<?xml version="1.0" encoding="UTF-8"?>
<!-- Generated by org.testng.reporters.JUnitReportReporter -->
<testsuite hostname="LAPTOP-6DHJKUJ7" failures="0" tests="4" name="com.test.TestNGFeatures" time="0.013" errors="0" timestamp="2022-06-22T22:41:39 EDT" skipped="0">
  <testcase classname="com.test.TestNGFeatures" name="RegPageTest" time="0.002"/>
  <system-out/>
  <testcase classname="com.test.TestNGFeatures" name="HomePageTest" time="0.003"/>
  <system-out/>
  <testcase classname="com.test.TestNGFeatures" name="loginTest" time="0.006"/>
  <system-out/>
  <testcase classname="com.test.TestNGFeatures" name="SearchPageTest" time="0.002"/>
  <system-out/>
</testsuite> <!-- com.test.TestNGFeatures -->
