<?xml version="1.0" encoding="UTF-8"?>
<!-- Generated by org.testng.reporters.JUnitReportReporter -->
<testsuite hostname="LAPTOP-6DHJKUJ7" failures="0" tests="3" name="com.test.TestNGBasics" time="0.006" errors="0" timestamp="2022-06-22T22:41:39 EDT" skipped="0">
  <testcase classname="com.test.TestNGBasics" name="googleLogoTest" time="0.001"/>
  <system-out/>
  <testcase classname="com.test.TestNGBasics" name="searchTest" time="0.001"/>
  <system-out/>
  <testcase classname="com.test.TestNGBasics" name="googleTitleTest" time="0.004"/>
  <system-out/>
</testsuite> <!-- com.test.TestNGBasics -->
