<?xml version="1.0" encoding="UTF-8"?>
<!-- Generated by org.testng.reporters.JUnitReportReporter -->
<testsuite hostname="LAPTOP-6DHJKUJ7" failures="0" tests="2" name="com.test.GoogleTitleTest" time="6.740" errors="0" timestamp="2022-06-22T22:41:39 EDT" skipped="0">
  <testcase classname="com.test.GoogleTitleTest" name="googleLogoTest" time="3.369"/>
  <system-out/>
  <testcase classname="com.test.GoogleTitleTest" name="googleTitleTest" time="3.371"/>
  <system-out/>
</testsuite> <!-- com.test.GoogleTitleTest -->
