<?xml version="1.0" encoding="UTF-8"?>
<!-- Generated by org.testng.reporters.JUnitReportReporter -->
<testsuite hostname="LAPTOP-6DHJKUJ7" failures="0" tests="10" name="com.test.InvocationCountTest" time="0.017" errors="0" timestamp="2022-06-22T22:41:39 EDT" skipped="0">
  <testcase classname="com.test.InvocationCountTest" name="sum" time="0.001"/>
  <system-out/>
  <testcase classname="com.test.InvocationCountTest" name="sum" time="0.001"/>
  <system-out/>
  <testcase classname="com.test.InvocationCountTest" name="sum" time="0.002"/>
  <system-out/>
  <testcase classname="com.test.InvocationCountTest" name="sum" time="0.001"/>
  <system-out/>
  <testcase classname="com.test.InvocationCountTest" name="sum" time="0.003"/>
  <system-out/>
  <testcase classname="com.test.InvocationCountTest" name="sum" time="0.002"/>
  <system-out/>
  <testcase classname="com.test.InvocationCountTest" name="sum" time="0.001"/>
  <system-out/>
  <testcase classname="com.test.InvocationCountTest" name="sum" time="0.002"/>
  <system-out/>
  <testcase classname="com.test.InvocationCountTest" name="sum" time="0.002"/>
  <system-out/>
  <testcase classname="com.test.InvocationCountTest" name="sum" time="0.002"/>
  <system-out/>
</testsuite> <!-- com.test.InvocationCountTest -->
